Handbrake Version: 0.10.5 (2016021200)
[20:14:01] CPU: Intel(R) Core(TM) i3-6100 CPU @ 3.70GHz
[20:14:01]  - logical processor count: 4
[20:14:01] hb_scan: path=/dev/sr0, title_index=1
disc.c:350: error opening file BDMV/index.bdmv
disc.c:350: error opening file BDMV/BACKUP/index.bdmv
[20:14:01] bd: not a bd - trying as a stream/file instead
[20:14:01] dvd: Region mask 0xfe
libdvdnav: Using dvdnav version 5.0.3
libdvdread: Encrypted DVD support unavailable.
libdvdnav: DVD Title: BREAKING_DAWN_DVD
libdvdnav: DVD Serial Number: 4C8D921DAPPLEDSP
libdvdnav: DVD Title (Alternative): BREAKING_DAWN_DVD
libdvdnav: DVD disk reports itself with Region mask 0x00400000. Regions: 1 2 3 4 5 6 8
libdvdread: Encrypted DVD support unavailable.
[20:14:01] scan: DVD has 2 title(s)
[20:14:01] scan: scanning title 1
[20:14:01] scan: opening IFO for VTS 1
[20:14:01] scan: duration is 00:12:33 (753867 ms)
[20:14:01] pgc_id: 1, pgn: 1: pgc: 0x7f5ff001aa00
[20:14:01] scan: vts=1, ttn=1, cells=0->0, blocks=0->299268, 299269 blocks
[20:14:01] scan: checking audio 1
[20:14:01] scan: id=0x80bd, lang=Unknown (AC3), 3cc=und ext=0
[20:14:01] scan: title 1 has 1 chapters
[20:14:01] scan: chap 1 c=0->0, b=0->299268 (299269), 753867 ms
[20:14:01] scan: aspect = 1.77778
[20:14:01] scan: decoding previews for title 1
libdvdnav: DVD disk reports itself with Region mask 0x00400000. Regions: 1 2 3 4 5 6 8
[20:14:01] scan: title angle(s) 1
[ac3 @ 0x7f5ff02074c0] frame sync error
[20:14:01] scan: audio 0x80bd: ac3, rate=48000Hz, bitrate=192000 Unknown (AC3) (2.0 ch)
[20:14:01] scan: 10 previews, 720x480, 29.970 fps, autocrop = 0/0/2/0, aspect 16:9, PAR 32:27
[20:14:01] libhb: scan thread found 1 valid title(s)
[20:14:03] gtkgui: Preset: Regular->Normal
[20:14:03] 1 job(s) to process
[20:14:03] starting job
[20:14:03] sync: expecting 22593 video frames
[20:14:03] job configuration:
[20:14:03]  * source
[20:14:03]    + /dev/sr0
[20:14:03]    + title 1, chapter(s) 1 to 1
[20:14:03]  * destination
[20:14:03]    + /home/sbeckman/Videos/Justin Furstenfeld Breaking Dawn Performance.m4v
[20:14:03]    + container: MPEG-4 (libavformat)
[20:14:03]  * video track
[20:14:03]    + decoder: mpeg2video
[20:14:03]      + bitrate 7700 kbps
[20:14:03]    + filters
[20:14:03]      + Framerate Shaper (0:27000000:900900)
[20:14:03]        + frame rate: same as source (around 29.970 fps)
[20:14:03]      + Crop and Scale (718:480:0:0:2:0)
[20:14:03]        + source: 720 * 480, crop (0/0/2/0): 718 * 480, scale: 718 * 480
[20:14:03]    + loose anamorphic
[20:14:03]      + storage dimensions: 718 * 480, mod 2
[20:14:03]      + pixel aspect ratio: 32 / 27
[20:14:03]      + display dimensions: 850 * 480
[20:14:03]    + encoder: H.264 (libx264)
[20:14:03]      + preset:  veryfast
[20:14:03]      + profile: main
[20:14:03]      + level:   4.0
[20:14:03]      + quality: 20.00 (RF)
[20:14:03]  * audio track 1
[20:14:03]    + decoder: Unknown (AC3) (2.0 ch) (track 1, id 0x80bd)
[20:14:03]      + bitrate: 192 kbps, samplerate: 48000 Hz
[20:14:03]    + mixdown: Stereo
[20:14:03]    + encoder: AAC (libavcodec)
[20:14:03]      + bitrate: 160 kbps, samplerate: 48000 Hz
[20:14:03] dvd: Region mask 0xfe
libdvdnav: Using dvdnav version 5.0.3
libdvdread: Encrypted DVD support unavailable.
libdvdnav: DVD Title: BREAKING_DAWN_DVD
libdvdnav: DVD Serial Number: 4C8D921DAPPLEDSP
libdvdnav: DVD Title (Alternative): BREAKING_DAWN_DVD
libdvdnav: DVD disk reports itself with Region mask 0x00400000. Regions: 1 2 3 4 5 6 8
libdvdread: Encrypted DVD support unavailable.
libdvdnav: DVD disk reports itself with Region mask 0x00400000. Regions: 1 2 3 4 5 6 8
[20:14:03] encx264: min-keyint: 30, keyint: 300
[20:14:03] encx264: encoding at constant RF 20.000000
[20:14:03] encx264: unparsed options: level=4.0:ref=1:8x8dct=0:weightp=1:subme=2:mixed-refs=0:trellis=0:vbv-bufsize=25000:vbv-maxrate=20000:rc-lookahead=10
[20:14:03] reader: first SCR 146 id 0xe0 DTS 24024
[20:14:03] mpeg2video: "Chapter 1" (1) at frame 0 time 3003
x264 [info]: using SAR=32/27
x264 [info]: using cpu capabilities: MMX2 SSE2Fast SSSE3 SSE4.2 AVX FMA3 AVX2 LZCNT BMI2
x264 [info]: profile Main, level 4.0
[20:14:03] sync: first pts is 3003
Gtk-Message: GtkDialog mapped without a transient parent. This is discouraged.
[20:15:51] reader: done. 1 scr changes
[20:15:51] work: average encoding speed for job is 209.449173 fps
[20:15:51] sync: got 22617 frames, 22593 expected
[20:15:51] render: lost time: 0 (0 frames)
[20:15:51] render: gained time: 0 (0 frames) (0 not accounted for)
[20:15:51] mpeg2video-decoder done: 22617 frames, 0 decoder errors, 0 drops
x264 [info]: frame I:105   Avg QP:16.40  size: 25167
x264 [info]: frame P:10279 Avg QP:19.20  size:  7607
x264 [info]: frame B:12233 Avg QP:20.49  size:  2367
x264 [info]: consecutive B-frames: 14.6% 30.1% 29.5% 25.9%
x264 [info]: mb I  I16..4: 56.3%  0.0% 43.7%
x264 [info]: mb P  I16..4: 15.3%  0.0%  1.0%  P16..4: 27.0%  9.6%  6.1%  0.0%  0.0%    skip:41.0%
x264 [info]: mb B  I16..4:  1.7%  0.0%  0.3%  B16..8: 11.4%  3.5%  0.7%  direct:16.5%  skip:65.9%  L0:34.1% L1:42.2% BI:23.7%
x264 [info]: coded y,uvDC,uvAC intra: 16.6% 33.6% 9.4% inter: 10.9% 17.1% 1.0%
x264 [info]: i16 v,h,dc,p: 69% 18% 10%  3%
x264 [info]: i4 v,h,dc,ddl,ddr,vr,hd,vl,hu: 17% 44% 19%  3%  3%  4%  3%  3%  3%
x264 [info]: i8c dc,h,v,p: 62% 19% 18%  2%
x264 [info]: Weighted P-Frames: Y:9.2% UV:5.4%
x264 [info]: kb/s:1163.90
[20:15:51] ac3-decoder done: 0 frames, 0 decoder errors, 0 drops
[20:15:51] mux: track 0, 22617 frames, 109787797 bytes, 1163.85 kbps, fifo 4096
[20:15:51] mux: track 1, 35372 frames, 15115079 bytes, 160.23 kbps, fifo 8192
[20:15:52] libhb: work result = 0
